[08-Mar-2019 17:26:00 PRC] PHP Fatal error:  Cannot redeclare Admin\Controller\ClubController::clubUserList() in D:\phpStudy\PHPTutorial\vhost\huo.qq\PHP\Application\Admin\Controller\ClubController.class.php on line 1032
[14-Mar-2019 21:01:15 PRC] PHP Fatal error:  Allowed memory size of 134217728 bytes exhausted (tried to allocate 16384 bytes) in D:\phpStudy\PHPTutorial\vhost\huo.qq\OLD_PHP\ThinkPHP\Library\Think\Think.class.php on line 331
[14-Mar-2019 21:02:09 PRC] PHP Fatal error:  Allowed memory size of 134217728 bytes exhausted (tried to allocate 20480 bytes) in D:\phpStudy\PHPTutorial\vhost\huo.qq\OLD_PHP\ThinkPHP\Library\Think\Model.class.php on line 588
[14-Mar-2019 21:04:07 PRC] PHP Fatal error:  Allowed memory size of 134217728 bytes exhausted (tried to allocate 16384 bytes) in D:\phpStudy\PHPTutorial\vhost\huo.qq\OLD_PHP\ThinkPHP\Library\Think\Think.class.php on line 331
[14-Mar-2019 21:05:49 PRC] PHP Fatal error:  Allowed memory size of 134217728 bytes exhausted (tried to allocate 20480 bytes) in D:\phpStudy\PHPTutorial\vhost\huo.qq\OLD_PHP\ThinkPHP\Library\Think\Model.class.php on line 629
[14-Mar-2019 21:06:36 PRC] PHP Fatal error:  Allowed memory size of 134217728 bytes exhausted (tried to allocate 16384 bytes) in D:\phpStudy\PHPTutorial\vhost\huo.qq\OLD_PHP\ThinkPHP\Library\Think\Think.class.php on line 331
[14-Mar-2019 21:07:28 PRC] PHP Fatal error:  Allowed memory size of 134217728 bytes exhausted (tried to allocate 16384 bytes) in D:\phpStudy\PHPTutorial\vhost\huo.qq\OLD_PHP\ThinkPHP\Library\Think\Think.class.php on line 331
[14-Mar-2019 21:07:54 PRC] PHP Fatal error:  Allowed memory size of 134217728 bytes exhausted (tried to allocate 20480 bytes) in D:\phpStudy\PHPTutorial\vhost\huo.qq\OLD_PHP\ThinkPHP\Library\Think\Model.class.php on line 588
[14-Mar-2019 21:08:24 PRC] PHP Fatal error:  Maximum execution time of 30 seconds exceeded in D:\phpStudy\PHPTutorial\vhost\huo.qq\OLD_PHP\ThinkPHP\Library\Think\Db\Driver.class.php on line 170
[14-Mar-2019 21:09:18 PRC] PHP Fatal error:  Maximum execution time of 30 seconds exceeded in D:\phpStudy\PHPTutorial\vhost\huo.qq\OLD_PHP\ThinkPHP\Library\Think\Db\Driver.class.php on line 170
[14-Mar-2019 21:12:12 PRC] PHP Fatal error:  Allowed memory size of 134217728 bytes exhausted (tried to allocate 8388616 bytes) in D:\phpStudy\PHPTutorial\vhost\huo.qq\OLD_PHP\ThinkPHP\Library\Think\Log.class.php on line 53
[14-Mar-2019 21:13:30 PRC] PHP Fatal error:  Allowed memory size of 134217728 bytes exhausted (tried to allocate 20480 bytes) in D:\phpStudy\PHPTutorial\vhost\huo.qq\OLD_PHP\ThinkPHP\Library\Think\Model.class.php on line 588
[14-Mar-2019 21:16:16 PRC] PHP Fatal error:  Allowed memory size of 134217728 bytes exhausted (tried to allocate 16384 bytes) in D:\phpStudy\PHPTutorial\vhost\huo.qq\OLD_PHP\ThinkPHP\Library\Think\Think.class.php on line 331
[14-Mar-2019 21:57:59 PRC] PHP Fatal error:  Allowed memory size of 134217728 bytes exhausted (tried to allocate 16384 bytes) in D:\phpStudy\PHPTutorial\vhost\huo.qq\OLD_PHP\ThinkPHP\Library\Think\Think.class.php on line 331
[18-Mar-2019 19:21:19 PRC] PHP Fatal error:  Allowed memory size of 134217728 bytes exhausted (tried to allocate 16384 bytes) in D:\phpStudy\PHPTutorial\vhost\huo.qq\OLD_PHP\ThinkPHP\Library\Think\Think.class.php on line 331
[18-Mar-2019 19:24:47 PRC] PHP Fatal error:  Allowed memory size of 134217728 bytes exhausted (tried to allocate 16384 bytes) in D:\phpStudy\PHPTutorial\vhost\huo.qq\OLD_PHP\ThinkPHP\Library\Think\Think.class.php on line 331
[18-Mar-2019 19:25:17 PRC] PHP Fatal error:  Maximum execution time of 30 seconds exceeded in D:\phpStudy\PHPTutorial\vhost\huo.qq\OLD_PHP\ThinkPHP\Library\Think\Db\Driver.class.php on line 170
[18-Mar-2019 19:28:00 PRC] PHP Fatal error:  Maximum execution time of 30 seconds exceeded in D:\phpStudy\PHPTutorial\vhost\huo.qq\OLD_PHP\ThinkPHP\Library\Think\Db\Driver.class.php on line 170
[18-Mar-2019 19:28:30 PRC] PHP Fatal error:  Maximum execution time of 30 seconds exceeded in D:\phpStudy\PHPTutorial\vhost\huo.qq\OLD_PHP\ThinkPHP\Library\Think\Think.class.php on line 331
[18-Mar-2019 19:31:48 PRC] PHP Fatal error:  Allowed memory size of 134217728 bytes exhausted (tried to allocate 16384 bytes) in D:\phpStudy\PHPTutorial\vhost\huo.qq\OLD_PHP\ThinkPHP\Library\Think\Think.class.php on line 331
[18-Mar-2019 19:51:23 PRC] PHP Fatal error:  Allowed memory size of 134217728 bytes exhausted (tried to allocate 16384 bytes) in D:\phpStudy\PHPTutorial\vhost\huo.qq\OLD_PHP\ThinkPHP\Library\Think\Think.class.php on line 331
[18-Mar-2019 19:52:26 PRC] PHP Fatal error:  Allowed memory size of 134217728 bytes exhausted (tried to allocate 262144 bytes) in D:\phpStudy\PHPTutorial\vhost\huo.qq\OLD_PHP\ThinkPHP\Library\Think\Db\Driver.class.php on line 418
[18-Mar-2019 19:59:13 PRC] PHP Fatal error:  Allowed memory size of 134217728 bytes exhausted (tried to allocate 8388616 bytes) in D:\phpStudy\PHPTutorial\vhost\huo.qq\OLD_PHP\ThinkPHP\Library\Think\Log.class.php on line 53
[18-Mar-2019 20:00:19 PRC] PHP Fatal error:  Allowed memory size of 268435456 bytes exhausted (tried to allocate 16384 bytes) in D:\phpStudy\PHPTutorial\vhost\huo.qq\OLD_PHP\ThinkPHP\Library\Think\Think.class.php on line 331
[18-Mar-2019 20:01:23 PRC] PHP Fatal error:  Allowed memory size of 268435456 bytes exhausted (tried to allocate 16384 bytes) in D:\phpStudy\PHPTutorial\vhost\huo.qq\OLD_PHP\ThinkPHP\Library\Think\Think.class.php on line 331
[19-Mar-2019 09:31:20 PRC] PHP Fatal error:  Allowed memory size of 268435456 bytes exhausted (tried to allocate 20480 bytes) in D:\phpStudy\PHPTutorial\vhost\huo.qq\OLD_PHP\ThinkPHP\Library\Think\Model.class.php on line 588
[19-Mar-2019 09:32:21 PRC] PHP Fatal error:  Allowed memory size of 268435456 bytes exhausted (tried to allocate 16384 bytes) in D:\phpStudy\PHPTutorial\vhost\huo.qq\OLD_PHP\ThinkPHP\Library\Think\Think.class.php on line 331
[19-Mar-2019 09:33:34 PRC] PHP Fatal error:  Allowed memory size of 268435456 bytes exhausted (tried to allocate 20480 bytes) in D:\phpStudy\PHPTutorial\vhost\huo.qq\OLD_PHP\ThinkPHP\Library\Think\Db\Driver.class.php on line 478
[19-Mar-2019 09:36:15 PRC] PHP Fatal error:  Cannot redeclare Admin\Controller\CronController::depositAgentRelationship() in D:\phpStudy\PHPTutorial\vhost\huo.qq\OLD_PHP\Application\Admin\Controller\CronController.class.php on line 377
[19-Mar-2019 14:01:25 PRC] PHP Fatal error:  Allowed memory size of 268435456 bytes exhausted (tried to allocate 16384 bytes) in D:\phpStudy\PHPTutorial\vhost\huo.qq\OLD_PHP\ThinkPHP\Library\Think\Think.class.php on line 331
[19-Mar-2019 14:02:57 PRC] PHP Fatal error:  Allowed memory size of 268435456 bytes exhausted (tried to allocate 20480 bytes) in D:\phpStudy\PHPTutorial\vhost\huo.qq\OLD_PHP\ThinkPHP\Library\Think\Model.class.php on line 629
[19-Mar-2019 14:05:11 PRC] PHP Fatal error:  Allowed memory size of 268435456 bytes exhausted (tried to allocate 16384 bytes) in D:\phpStudy\PHPTutorial\vhost\huo.qq\OLD_PHP\ThinkPHP\Library\Think\Think.class.php on line 331
[19-Mar-2019 14:06:44 PRC] PHP Fatal error:  Allowed memory size of 268435456 bytes exhausted (tried to allocate 20480 bytes) in D:\phpStudy\PHPTutorial\vhost\huo.qq\OLD_PHP\ThinkPHP\Library\Think\Db\Driver.class.php on line 478
[19-Mar-2019 14:08:30 PRC] PHP Fatal error:  Allowed memory size of 268435456 bytes exhausted (tried to allocate 262144 bytes) in D:\phpStudy\PHPTutorial\vhost\huo.qq\OLD_PHP\ThinkPHP\Library\Think\Model.class.php on line 569
